2025-05-11 18:36:36,792 - INFO - Found 10 WAV files in 'Data\Ade'.
2025-05-11 18:38:47,579 - INFO - Successfully read file: sample_2.wav with sample rate: 16000
2025-05-11 18:38:47,586 - INFO - Successfully read file: sample_3.wav with sample rate: 16000
2025-05-11 18:38:47,593 - INFO - Successfully read file: sample_10.wav with sample rate: 16000
2025-05-11 18:38:48,136 - INFO - Successfully read file: sample_1.wav with sample rate: 16000
2025-05-11 18:38:48,352 - INFO - Extracted MFCC features shape: (41, 20)
2025-05-11 18:38:48,353 - INFO - Extracted MFCC features shape: (1273, 20)
2025-05-11 18:38:48,353 - INFO - Extracted MFCC features shape: (2173, 20)
2025-05-11 18:38:48,377 - INFO - Feature Variance: [ 0.08899239 13.0739479  12.88579737 21.62527212 33.01435662 24.98972995
 24.09626312 27.73970457 39.50332765 30.39525929 28.45730542 30.0962698
 29.84493072 25.7193897  17.28319404 15.78966073 12.51816661  9.2370979
  4.97003     2.73101736]

2025-05-11 18:38:48,434 - INFO - Features extracted from sample_10.wav: shape (41, 40)
2025-05-11 18:38:48,480 - INFO - Features extracted from sample_2.wav: shape (2173, 40)
2025-05-11 18:38:48,481 - INFO - Features extracted from sample_3.wav: shape (2032, 40)
2025-05-11 18:38:48,481 - INFO - Features extracted from sample_1.wav: shape (1273, 40)
2025-05-11 18:38:48,574 - INFO - Successfully read file: sample_4.wav with sample rate: 16000
2025-05-11 18:38:48,819 - INFO - Extracted MFCC features shape: (2017, 20)
2025-05-11 18:38:48,821 - INFO - Feature Variance: [ 0.08247091 11.82814811 12.84198358 22.54299283 31.36977221 23.80646622
 24.09836031 28.09994207 36.78286962 32.49111246 30.16525904 29.76868083
 29.37309842 29.5997807  19.35156889 15.21002455 12.80579387 10.22684216
  5.38100097  2.96427497]
2025-05-11 18:38:48,843 - INFO - Successfully read file: sample_6.wav with sample rate: 16000
2025-05-11 18:38:48,893 - INFO - Features extracted from sample_4.wav: shape (2017, 40)
2025-05-11 18:38:48,925 - INFO - Successfully read file: sample_5.wav with sample rate: 16000
2025-05-11 18:38:49,007 - INFO - Successfully read file: sample_8.wav with sample rate: 16000
2025-05-11 18:38:49,020 - INFO - Successfully read file: sample_7.wav with sample rate: 16000
2025-05-11 18:38:49,260 - INFO - Extracted MFCC features shape: (217, 20)
2025-05-11 18:38:49,264 - INFO - Feature Variance: [ 0.11477585 26.11311838 23.52641254 33.2212216  43.55497057 26.23746403
 26.06689781 31.91021322 34.76928265 28.46299593 24.46997626 27.01124477
 25.24298208 21.9376165  13.06853785 10.73197918 10.04763029  7.59139635
  3.76502462  2.25979254]
2025-05-11 18:38:49,278 - INFO - Features extracted from sample_8.wav: shape (217, 40)
2025-05-11 18:38:49,345 - INFO - Extracted MFCC features shape: (1996, 20)
2025-05-11 18:38:49,347 - INFO - Feature Variance: [ 0.09021899 11.32234396 12.19356671 17.85625321 30.86705475 27.45769737
 24.22646112 27.19318547 38.11620206 34.41121892 28.57869192 28.64792428
 29.1857793  26.53215796 17.4273311  16.98014573 13.02003457  9.80887475
  5.25029481  3.26786453]
2025-05-11 18:38:49,386 - INFO - Features extracted from sample_6.wav: shape (1996, 40)
2025-05-11 18:38:49,400 - INFO - Extracted MFCC features shape: (1980, 20)
2025-05-11 18:38:49,402 - INFO - Feature Variance: [ 0.08377299 11.24927097 11.99818321 20.68604563 28.3149287  25.39627185
 24.49517233 28.74514175 36.83151274 35.40153774 29.73853098 31.33022306
 27.01153498 25.3561203  15.93987452 16.12870421 13.15592218  9.57167895
  4.59818064  2.89168547]
2025-05-11 18:38:49,444 - INFO - Features extracted from sample_5.wav: shape (1980, 40)
2025-05-11 18:38:49,468 - INFO - Successfully read file: sample_9.wav with sample rate: 16000
2025-05-11 18:38:49,480 - INFO - Extracted MFCC features shape: (56, 20)
2025-05-11 18:38:49,482 - INFO - Feature Variance: [ 0.31795502 38.49519785 46.84456802 19.3619039  37.10652885 20.0002997
 41.06030528 11.93267267 45.90628469 24.46399431 27.57709746 27.30201898
 37.94907974 17.94203538 14.36431252 11.72235011  7.36458122  4.74160798
  3.67540421  1.22974117]
2025-05-11 18:38:49,498 - INFO - Features extracted from sample_9.wav: shape (56, 40)
2025-05-11 18:38:49,571 - INFO - Extracted MFCC features shape: (2890, 20)
2025-05-11 18:38:49,572 - INFO - Feature Variance: [ 0.11666209 15.249455   17.4777825  18.63547412 29.01776741 28.89032501
 27.91035677 28.7246905  37.29862541 33.19514674 31.35925067 34.02424244
 28.28091605 22.93424492 16.66242721 14.26936534 11.67962581  8.45182123
  4.92224022  3.01823906]
2025-05-11 18:38:49,598 - INFO - Features extracted from sample_7.wav: shape (2890, 40)
2025-05-11 18:38:51,033 - INFO - Total features concatenated: (14675, 40)
2025-05-11 18:38:51,779 - ERROR - Error during sign up for Ade: [Errno 2] No such file or directory: 'voiceauth\\model\\ubm_model.pkl'
2025-05-11 18:45:43,944 - INFO - Found 10 WAV files
2025-05-11 18:45:43,951 - INFO - Successfully read file: sample_1.wav with sample rate: 16000
2025-05-11 18:45:44,180 - INFO - Extracted MFCC features shape: (1273, 20)
2025-05-11 18:45:44,181 - INFO - Feature Variance: [ 0.08450123 13.28971031 14.15340794 21.50164766 38.47833646 26.41442625
 23.22819785 27.54363418 40.57797765 35.35774227 29.51331305 28.36393916
 29.8291248  28.4427335  16.32908175 15.47095829 12.09874849  9.9948342
  5.45330897  2.7533342 ]
2025-05-11 18:45:44,197 - INFO - Features extracted from sample_1.wav: shape (1273, 40)
2025-05-11 18:45:44,260 - INFO - Successfully read file: sample_10.wav with sample rate: 16000
2025-05-11 18:45:44,278 - INFO - Extracted MFCC features shape: (41, 20)
2025-05-11 18:45:44,280 - INFO - Feature Variance: [ 0.24928958 31.52900889 39.07789416  8.82792593 41.10432203 14.42706326
 44.48363867 23.23021462 61.50380569 25.12851238 32.29330107 22.78023249
 45.57666955 17.12819674 21.86299546 12.21237087  8.07979287  5.09965617
  2.68370888  2.59174374]
2025-05-11 18:45:44,309 - INFO - Features extracted from sample_10.wav: shape (41, 40)
2025-05-11 18:45:44,338 - INFO - Successfully read file: sample_2.wav with sample rate: 16000
2025-05-11 18:45:44,598 - INFO - Extracted MFCC features shape: (2173, 20)
2025-05-11 18:45:44,600 - INFO - Feature Variance: [ 0.08324965 12.11927563 12.67382254 23.12634636 30.90721142 24.60218669
 25.63689259 30.33126473 37.25578974 28.21594816 31.06328498 31.44313684
 28.38806109 25.51195321 17.12007564 16.94450414 13.2044682   9.80046927
  5.01707804  3.16668043]
2025-05-11 18:45:44,622 - INFO - Features extracted from sample_2.wav: shape (2173, 40)
2025-05-11 18:45:44,658 - INFO - Successfully read file: sample_3.wav with sample rate: 16000
2025-05-11 18:45:45,016 - INFO - Extracted MFCC features shape: (2032, 20)
2025-05-11 18:45:45,017 - INFO - Feature Variance: [ 0.08899239 13.0739479  12.88579737 21.62527212 33.01435662 24.98972995
 24.09626312 27.73970457 39.50332765 30.39525929 28.45730542 30.0962698
 29.84493072 25.7193897  17.28319404 15.78966073 12.51816661  9.2370979
  4.97003     2.73101736]
2025-05-11 18:45:45,049 - INFO - Features extracted from sample_3.wav: shape (2032, 40)
2025-05-11 18:45:45,051 - INFO - Successfully read file: sample_4.wav with sample rate: 16000
2025-05-11 18:45:45,297 - INFO - Extracted MFCC features shape: (2017, 20)
2025-05-11 18:45:45,299 - INFO - Feature Variance: [ 0.08247091 11.82814811 12.84198358 22.54299283 31.36977221 23.80646622
 24.09836031 28.09994207 36.78286962 32.49111246 30.16525904 29.76868083
 29.37309842 29.5997807  19.35156889 15.21002455 12.80579387 10.22684216
  5.38100097  2.96427497]
2025-05-11 18:45:45,324 - INFO - Features extracted from sample_4.wav: shape (2017, 40)
2025-05-11 18:45:45,325 - INFO - Successfully read file: sample_5.wav with sample rate: 16000
2025-05-11 18:45:45,518 - INFO - Extracted MFCC features shape: (1980, 20)
2025-05-11 18:45:45,519 - INFO - Feature Variance: [ 0.08377299 11.24927097 11.99818321 20.68604563 28.3149287  25.39627185
 24.49517233 28.74514175 36.83151274 35.40153774 29.73853098 31.33022306
 27.01153498 25.3561203  15.93987452 16.12870421 13.15592218  9.57167895
  4.59818064  2.89168547]
2025-05-11 18:45:45,541 - INFO - Features extracted from sample_5.wav: shape (1980, 40)
2025-05-11 18:45:45,543 - INFO - Successfully read file: sample_6.wav with sample rate: 16000
2025-05-11 18:45:45,787 - INFO - Extracted MFCC features shape: (1996, 20)
2025-05-11 18:45:45,788 - INFO - Feature Variance: [ 0.09021899 11.32234396 12.19356671 17.85625321 30.86705475 27.45769737
 24.22646112 27.19318547 38.11620206 34.41121892 28.57869192 28.64792428
 29.1857793  26.53215796 17.4273311  16.98014573 13.02003457  9.80887475
  5.25029481  3.26786453]
2025-05-11 18:45:45,817 - INFO - Features extracted from sample_6.wav: shape (1996, 40)
2025-05-11 18:45:45,818 - INFO - Successfully read file: sample_7.wav with sample rate: 16000
2025-05-11 18:45:46,174 - INFO - Extracted MFCC features shape: (2890, 20)
2025-05-11 18:45:46,175 - INFO - Feature Variance: [ 0.11666209 15.249455   17.4777825  18.63547412 29.01776741 28.89032501
 27.91035677 28.7246905  37.29862541 33.19514674 31.35925067 34.02424244
 28.28091605 22.93424492 16.66242721 14.26936534 11.67962581  8.45182123
  4.92224022  3.01823906]
2025-05-11 18:45:46,201 - INFO - Features extracted from sample_7.wav: shape (2890, 40)
2025-05-11 18:45:46,202 - INFO - Successfully read file: sample_8.wav with sample rate: 16000
2025-05-11 18:45:46,228 - INFO - Extracted MFCC features shape: (217, 20)
2025-05-11 18:45:46,229 - INFO - Feature Variance: [ 0.11477585 26.11311838 23.52641254 33.2212216  43.55497057 26.23746403
 26.06689781 31.91021322 34.76928265 28.46299593 24.46997626 27.01124477
 25.24298208 21.9376165  13.06853785 10.73197918 10.04763029  7.59139635
  3.76502462  2.25979254]
2025-05-11 18:45:46,237 - INFO - Features extracted from sample_8.wav: shape (217, 40)
2025-05-11 18:45:46,237 - INFO - Successfully read file: sample_9.wav with sample rate: 16000
2025-05-11 18:45:46,246 - INFO - Extracted MFCC features shape: (56, 20)
2025-05-11 18:45:46,247 - INFO - Feature Variance: [ 0.31795502 38.49519785 46.84456802 19.3619039  37.10652885 20.0002997
 41.06030528 11.93267267 45.90628469 24.46399431 27.57709746 27.30201898
 37.94907974 17.94203538 14.36431252 11.72235011  7.36458122  4.74160798
  3.67540421  1.22974117]
2025-05-11 18:45:46,253 - INFO - Features extracted from sample_9.wav: shape (56, 40)
2025-05-11 18:45:46,257 - INFO - Loaded features from Data: (14675, 40)
2025-05-11 18:45:46,258 - ERROR - No WAV files found in recordings
2025-05-11 18:45:46,260 - INFO - Total features loaded: (14675, 40)
2025-05-11 18:45:46,260 - INFO - Starting UBM training...
2025-05-11 18:45:46,260 - INFO - Initializing Gaussian Mixture Model for UBM training.
2025-05-11 18:45:46,261 - INFO - Fitting the UBM model to the extracted features...
2025-05-11 18:46:08,907 - INFO - UBM model training completed successfully in 22.65 seconds.
2025-05-11 18:46:08,987 - INFO - UBM model trained and saved successfully at voiceauth/model\ubm_model.pkl
2025-05-11 18:47:38,993 - INFO - Found 10 WAV files
2025-05-11 18:47:39,009 - INFO - Successfully read file: sample_1.wav with sample rate: 16000
2025-05-11 18:47:42,291 - INFO - Extracted MFCC features shape: (1273, 20)
2025-05-11 18:47:42,588 - INFO - Feature Variance: [ 0.08450123 13.28971031 14.15340794 21.50164766 38.47833646 26.41442625
 23.22819785 27.54363418 40.57797765 35.35774227 29.51331305 28.36393916
 29.8291248  28.4427335  16.32908175 15.47095829 12.09874849  9.9948342
  5.45330897  2.7533342 ]
2025-05-11 18:47:42,690 - INFO - Features extracted from sample_1.wav: shape (1273, 40)
2025-05-11 18:47:42,855 - INFO - Successfully read file: sample_10.wav with sample rate: 16000
2025-05-11 18:47:42,880 - INFO - Extracted MFCC features shape: (41, 20)
2025-05-11 18:47:42,882 - INFO - Feature Variance: [ 0.24928958 31.52900889 39.07789416  8.82792593 41.10432203 14.42706326
 44.48363867 23.23021462 61.50380569 25.12851238 32.29330107 22.78023249
 45.57666955 17.12819674 21.86299546 12.21237087  8.07979287  5.09965617
  2.68370888  2.59174374]
2025-05-11 18:47:42,925 - INFO - Features extracted from sample_10.wav: shape (41, 40)
2025-05-11 18:47:43,010 - INFO - Successfully read file: sample_2.wav with sample rate: 16000
2025-05-11 18:47:43,326 - INFO - Extracted MFCC features shape: (2173, 20)
2025-05-11 18:47:43,327 - INFO - Feature Variance: [ 0.08324965 12.11927563 12.67382254 23.12634636 30.90721142 24.60218669
 25.63689259 30.33126473 37.25578974 28.21594816 31.06328498 31.44313684
 28.38806109 25.51195321 17.12007564 16.94450414 13.2044682   9.80046927
  5.01707804  3.16668043]
2025-05-11 18:47:43,355 - INFO - Features extracted from sample_2.wav: shape (2173, 40)
2025-05-11 18:47:43,386 - INFO - Successfully read file: sample_3.wav with sample rate: 16000
2025-05-11 18:47:43,786 - INFO - Extracted MFCC features shape: (2032, 20)
2025-05-11 18:47:43,787 - INFO - Feature Variance: [ 0.08899239 13.0739479  12.88579737 21.62527212 33.01435662 24.98972995
 24.09626312 27.73970457 39.50332765 30.39525929 28.45730542 30.0962698
 29.84493072 25.7193897  17.28319404 15.78966073 12.51816661  9.2370979
  4.97003     2.73101736]
2025-05-11 18:47:43,807 - INFO - Features extracted from sample_3.wav: shape (2032, 40)
2025-05-11 18:47:43,854 - INFO - Successfully read file: sample_4.wav with sample rate: 16000
2025-05-11 18:47:44,134 - INFO - Extracted MFCC features shape: (2017, 20)
2025-05-11 18:47:44,136 - INFO - Feature Variance: [ 0.08247091 11.82814811 12.84198358 22.54299283 31.36977221 23.80646622
 24.09836031 28.09994207 36.78286962 32.49111246 30.16525904 29.76868083
 29.37309842 29.5997807  19.35156889 15.21002455 12.80579387 10.22684216
  5.38100097  2.96427497]
2025-05-11 18:47:44,165 - INFO - Features extracted from sample_4.wav: shape (2017, 40)
2025-05-11 18:47:44,245 - INFO - Successfully read file: sample_5.wav with sample rate: 16000
2025-05-11 18:47:44,534 - INFO - Extracted MFCC features shape: (1980, 20)
2025-05-11 18:47:44,535 - INFO - Feature Variance: [ 0.08377299 11.24927097 11.99818321 20.68604563 28.3149287  25.39627185
 24.49517233 28.74514175 36.83151274 35.40153774 29.73853098 31.33022306
 27.01153498 25.3561203  15.93987452 16.12870421 13.15592218  9.57167895
  4.59818064  2.89168547]
2025-05-11 18:47:44,558 - INFO - Features extracted from sample_5.wav: shape (1980, 40)
2025-05-11 18:47:44,633 - INFO - Successfully read file: sample_6.wav with sample rate: 16000
2025-05-11 18:47:45,004 - INFO - Extracted MFCC features shape: (1996, 20)
2025-05-11 18:47:45,006 - INFO - Feature Variance: [ 0.09021899 11.32234396 12.19356671 17.85625321 30.86705475 27.45769737
 24.22646112 27.19318547 38.11620206 34.41121892 28.57869192 28.64792428
 29.1857793  26.53215796 17.4273311  16.98014573 13.02003457  9.80887475
  5.25029481  3.26786453]
2025-05-11 18:47:45,030 - INFO - Features extracted from sample_6.wav: shape (1996, 40)
2025-05-11 18:47:45,129 - INFO - Successfully read file: sample_7.wav with sample rate: 16000
2025-05-11 18:47:45,424 - INFO - Extracted MFCC features shape: (2890, 20)
2025-05-11 18:47:45,425 - INFO - Feature Variance: [ 0.11666209 15.249455   17.4777825  18.63547412 29.01776741 28.89032501
 27.91035677 28.7246905  37.29862541 33.19514674 31.35925067 34.02424244
 28.28091605 22.93424492 16.66242721 14.26936534 11.67962581  8.45182123
  4.92224022  3.01823906]
2025-05-11 18:47:45,454 - INFO - Features extracted from sample_7.wav: shape (2890, 40)
2025-05-11 18:47:45,601 - INFO - Successfully read file: sample_8.wav with sample rate: 16000
2025-05-11 18:47:45,678 - INFO - Extracted MFCC features shape: (217, 20)
2025-05-11 18:47:45,679 - INFO - Feature Variance: [ 0.11477585 26.11311838 23.52641254 33.2212216  43.55497057 26.23746403
 26.06689781 31.91021322 34.76928265 28.46299593 24.46997626 27.01124477
 25.24298208 21.9376165  13.06853785 10.73197918 10.04763029  7.59139635
  3.76502462  2.25979254]
2025-05-11 18:47:45,696 - INFO - Features extracted from sample_8.wav: shape (217, 40)
2025-05-11 18:47:45,745 - INFO - Successfully read file: sample_9.wav with sample rate: 16000
2025-05-11 18:47:45,762 - INFO - Extracted MFCC features shape: (56, 20)
2025-05-11 18:47:45,765 - INFO - Feature Variance: [ 0.31795502 38.49519785 46.84456802 19.3619039  37.10652885 20.0002997
 41.06030528 11.93267267 45.90628469 24.46399431 27.57709746 27.30201898
 37.94907974 17.94203538 14.36431252 11.72235011  7.36458122  4.74160798
  3.67540421  1.22974117]
2025-05-11 18:47:45,779 - INFO - Features extracted from sample_9.wav: shape (56, 40)
2025-05-11 18:47:45,788 - INFO - Loaded features from Data: (14675, 40)
2025-05-11 18:47:45,789 - ERROR - No WAV files found in recordings
2025-05-11 18:47:45,794 - INFO - Total features loaded: (14675, 40)
2025-05-11 18:47:45,795 - INFO - Starting UBM training...
2025-05-11 18:47:45,795 - INFO - Initializing Gaussian Mixture Model for UBM training.
2025-05-11 18:47:45,795 - INFO - Fitting the UBM model to the extracted features...
2025-05-11 18:48:11,634 - INFO - UBM model training completed successfully in 25.84 seconds.
2025-05-11 18:48:11,707 - INFO - UBM model trained and saved successfully at voiceauth/model\ubm_model.pkl
2025-05-11 19:02:22,305 - INFO - Found 10 WAV files in 'Data\Ade'.
2025-05-11 19:03:45,194 - INFO - Successfully read file: sample_1.wav with sample rate: 16000
2025-05-11 19:03:45,195 - INFO - Successfully read file: sample_3.wav with sample rate: 16000
2025-05-11 19:03:45,205 - INFO - Successfully read file: sample_10.wav with sample rate: 16000
2025-05-11 19:03:45,222 - INFO - Successfully read file: sample_2.wav with sample rate: 16000
2025-05-11 19:03:49,016 - INFO - Extracted MFCC features shape: (2001, 20)
2025-05-11 19:03:49,016 - INFO - Extracted MFCC features shape: (2344, 20)
2025-05-11 19:03:49,016 - INFO - Extracted MFCC features shape: (1918, 20)
2025-05-11 19:03:49,016 - INFO - Extracted MFCC features shape: (2167, 20)
2025-05-11 19:03:49,052 - INFO - Feature Variance: [ 0.04182376 15.93558413 17.65201483 18.95509402 30.8476913  24.49346042
 25.97105434 31.05398015 36.33474463 31.67033324 29.02589277 37.44920572
 28.05463772 24.72301177 16.4819451  16.96568708 11.39163092  9.13929202
  4.53170772  2.66775083]
2025-05-11 19:03:49,128 - INFO - Features extracted from sample_1.wav: shape (2001, 40)
2025-05-11 19:03:49,130 - INFO - Features extracted from sample_3.wav: shape (2167, 40)
2025-05-11 19:03:49,132 - INFO - Features extracted from sample_2.wav: shape (2344, 40)
2025-05-11 19:03:49,134 - INFO - Features extracted from sample_10.wav: shape (1918, 40)
2025-05-11 19:03:49,426 - INFO - Successfully read file: sample_4.wav with sample rate: 16000
2025-05-11 19:03:49,693 - INFO - Extracted MFCC features shape: (2043, 20)
2025-05-11 19:03:49,695 - INFO - Feature Variance: [ 0.04991522 14.8382956  16.04594488 20.47283982 32.18975954 24.72472079
 25.51937736 29.51693962 39.02985536 31.79413839 27.9582414  36.62445409
 28.48692577 24.92302916 17.00314714 15.03208865 11.55244817  8.56903204
  4.88273794  2.64956207]
2025-05-11 19:03:49,737 - INFO - Features extracted from sample_4.wav: shape (2043, 40)
2025-05-11 19:03:50,080 - INFO - Successfully read file: sample_8.wav with sample rate: 16000
2025-05-11 19:03:50,092 - INFO - Successfully read file: sample_7.wav with sample rate: 16000
2025-05-11 19:03:50,146 - INFO - Successfully read file: sample_5.wav with sample rate: 16000
2025-05-11 19:03:50,149 - INFO - Successfully read file: sample_6.wav with sample rate: 16000
2025-05-11 19:03:50,498 - INFO - Extracted MFCC features shape: (1913, 20)
2025-05-11 19:03:50,499 - INFO - Extracted MFCC features shape: (1959, 20)
2025-05-11 19:03:50,500 - INFO - Feature Variance: [ 0.04921246 16.01308867 17.10083942 21.08718045 32.2265387  25.85643882
 25.71491125 29.98122354 38.72136871 33.13189557 29.2361949  36.13047467
 29.62269548 27.54475226 16.32213133 17.49545205 13.31577667  8.58731566
  4.70206837  2.87395596]
2025-05-11 19:03:50,516 - INFO - Extracted MFCC features shape: (1933, 20)
17.69512317 19.023763   26.96660698 25.83955411
 24.59761356 30.86482932 35.85398821 36.12878749 28.89014508 35.4859552
 26.17890316 24.65680504 16.42617508 17.02569226 13.13656712  8.66072909
  4.87368579  2.75009338]
2025-05-11 19:03:50,538 - INFO - Feature Variance: [ 0.04631658 14.75731354 16.97310222 18.29965174 28.58334256 25.57347568
 23.61694833 29.66346427 36.19931966 31.89609429 25.93330887 34.07434927
 26.10064732 21.87409601 16.9594458  17.47491318 13.43658322  8.49135377
  4.63091018  2.71620831]
2025-05-11 19:03:50,538 - INFO - Feature Variance: [ 0.05832757 14.66503997 15.55743677 22.82331946 28.0668053  29.41032553
 26.42474924 30.49689478 40.1381422  33.15691122 28.11454044 38.62075189
 29.19325315 25.25151962 16.06551091 16.42430292 11.83755048  9.16046733
  4.69214307  2.78330437]
2025-05-11 19:03:50,544 - INFO - Features extracted from sample_8.wav: shape (1913, 40)
2025-05-11 19:03:50,567 - INFO - Features extracted from sample_6.wav: shape (1933, 40)
2025-05-11 19:03:50,572 - INFO - Features extracted from sample_5.wav: shape (2193, 40)
2025-05-11 19:03:50,572 - INFO - Features extracted from sample_7.wav: shape (1959, 40)
2025-05-11 19:03:50,938 - INFO - Successfully read file: sample_9.wav with sample rate: 16000
2025-05-11 19:03:51,178 - INFO - Extracted MFCC features shape: (2079, 20)
2025-05-11 19:03:51,179 - INFO - Feature Variance: [ 0.04548413 14.00571014 15.01879494 20.27926242 30.48666574 24.05987673
 22.87528731 29.49600372 36.59609444 36.72238593 29.43234443 36.37477469
 27.04837929 24.5491589  16.77265958 15.97918843 13.23174488  9.53709539
  5.03182738  2.76812467]
2025-05-11 19:03:51,201 - INFO - Features extracted from sample_9.wav: shape (2079, 40)
2025-05-11 19:03:56,478 - INFO - Total features concatenated: (20550, 40)
2025-05-11 19:04:00,850 - INFO - UBM Means shape: (32, 40)
2025-05-11 19:04:00,852 - INFO - UBM Covariances shape: (32, 40)
2025-05-11 19:04:00,989 - INFO - Fitting the GMM model to the extracted features...
2025-05-11 19:04:24,649 - INFO - GMM model training completed successfully in 13.39 seconds.
2025-05-11 19:04:24,649 - INFO - Authentication threshold: -24.73113302654591
2025-05-11 19:04:24,824 - INFO - GMM model and threshold saved successfully at voiceauth\model\Ade.gmm
2025-05-11 19:10:13,680 - INFO - Using device: cpu
2025-05-11 21:49:47,591 - INFO - Using device: cpu
2025-05-11 21:49:51,827 - INFO - Model loaded from C:/Users/Akorede Balogun/Voice Auth System/DeepfakeDetection/models/best_model.pth
2025-05-11 21:49:51,827 - INFO - Best validation accuracy: 66.67%
2025-05-11 21:51:49,569 - INFO - Using device: cpu
2025-05-11 21:51:49,905 - INFO - Model loaded from C:/Users/Akorede Balogun/Voice Auth System/DeepfakeDetection/models/best_model.pth
2025-05-11 21:51:49,905 - INFO - Best validation accuracy: 66.67%
2025-05-11 22:58:30,278 - INFO - Using device: cpu
2025-05-11 22:58:34,439 - INFO - Model loaded from C:/Users/Akorede Balogun/Voice Auth System/DeepfakeDetection/models/best_model.pth
2025-05-11 22:58:34,439 - INFO - Best validation accuracy: 75.00%
2025-05-11 23:07:42,667 - INFO - Using device: cpu
2025-05-11 23:07:44,187 - INFO - Model loaded from C:/Users/Akorede Balogun/Voice Auth System/DeepfakeDetection/models/best_model.pth
2025-05-11 23:07:44,187 - INFO - Best validation accuracy: 75.00%
2025-05-11 23:07:48,469 - INFO - Extracted MFCC features shape: (999, 20)
2025-05-11 23:07:48,487 - INFO - Feature Variance: [  1.18296913 123.54769051  50.71378457  71.12917336  55.98862099
  86.61977284  78.66678133  90.28900249  79.72317454  77.13204296
  60.33199381  61.8989831   47.99687742  48.46354478  27.80307618
  20.54693919  12.00632007  10.87549892   6.36307026   3.31083168]
2025-05-11 23:17:44,928 - INFO - Using device: cpu
2025-05-11 23:17:47,295 - INFO - Model loaded from C:/Users/Akorede Balogun/Voice Auth System/DeepfakeDetection/models/best_model.pth
2025-05-11 23:17:47,295 - INFO - Best validation accuracy: 75.00%
